00:00:00.000399 main     VirtualBox COM Server 6.1.2 r135662 win.amd64 (Jan 13 2020 10:54:25) release log
00:00:00.000401 main     Log opened 2021-02-06T17:47:24.228062900Z
00:00:00.000401 main     Build Type: release
00:00:00.000440 main     OS Product: Windows 10
00:00:00.000441 main     OS Release: 10.0.18363
00:00:00.000442 main     OS Service Pack: 
00:00:00.031828 main     DMI Product Name: TravelMate P614-51T
00:00:00.043161 main     DMI Product Version: V1.01
00:00:00.043205 main     Firmware type: UEFI
00:00:00.043681 main     Secure Boot: Enabled
00:00:00.043703 main     Host RAM: 16186MB (15.8GB) total, 10711MB (10.4GB) available
00:00:00.043730 main     Executable: C:\D\VirtualBox\App\VirtualBox\VBoxSVC.exe
00:00:00.043730 main     Process ID: 8332
00:00:00.043731 main     Package type: WINDOWS_64BITS_GENERIC
00:00:00.170447          VirtualBox: object creation starts
00:00:00.170660          Home directory: 'C:\D\VirtualBox\Data\VirtualBox'
00:00:00.170757          Installed Drivers:
00:00:00.174454            C:\WINDOWS\system32\DRIVERS\VBoxNetLwf.sys (Version: 6.1.2.35662)
00:00:00.179919            C:\D\VirtualBox\App\VirtualBox\drivers\vboxdrv\VBoxDrv.sys (Version: 6.1.2.35662)
00:00:00.180820            C:\D\VirtualBox\App\VirtualBox\drivers\USB\filter\VBoxUSBMon.sys (Version: 6.1.2.35662)
00:00:00.181843          Loading settings file "C:\D\VirtualBox\Data\VirtualBox\VirtualBox.xml" with version "1.12-windows"
00:00:00.183994          usbLibGetDevices: Starting USB device enumeration
00:00:00.187742          Getting USB descriptor (id 0) failed (dwErr=31) on hub USB#ROOT_HUB30#4&2d90d4a0&0&0#{f18a0e88-c30c-11d0-8815-00a0c906bed8} port 3
00:00:00.187788          Getting USB descriptor (id 0) failed (dwErr=31) on hub USB#ROOT_HUB30#4&2d90d4a0&0&0#{f18a0e88-c30c-11d0-8815-00a0c906bed8} port 5
00:00:00.187829          Getting USB descriptor (id 0) failed (dwErr=31) on hub USB#ROOT_HUB30#4&2d90d4a0&0&0#{f18a0e88-c30c-11d0-8815-00a0c906bed8} port 6
00:00:00.187877          Getting USB descriptor (id 0) failed (dwErr=31) on hub USB#ROOT_HUB30#4&2d90d4a0&0&0#{f18a0e88-c30c-11d0-8815-00a0c906bed8} port 7
00:00:00.187923          Getting USB descriptor (id 0) failed (dwErr=31) on hub USB#ROOT_HUB30#4&2d90d4a0&0&0#{f18a0e88-c30c-11d0-8815-00a0c906bed8} port 10
00:00:02.082199          usbLibGetDevices: Found 7 USB devices, 0 captured
00:00:02.082346          USB: Unknown USB device detected (idVendor: 0x0000, idProduct: 0x3825)
00:00:02.082459          USB: Unknown USB device detected (idVendor: 0x0408, idProduct: 0xa061)
00:00:02.082608          USB: Unknown USB device detected (idVendor: 0x1c7a, idProduct: 0x057a)
00:00:02.082616          USB: Unknown USB device detected (idVendor: 0x2386, idProduct: 0x433b)
00:00:02.082623          USB: Unknown USB device detected (idVendor: 0x8087, idProduct: 0x0aaa)
00:00:02.209463          HostDnsMonitor: initializing
00:00:02.218473          HostDnsMonitor: updating information
00:00:02.218530          HostDnsMonitor: old information
00:00:02.218530            no server entries
00:00:02.218531            no domain set
00:00:02.218531            no search string entries
00:00:02.218532          HostDnsMonitor: new information
00:00:02.218532            server 1: 192.168.0.1
00:00:02.218533            domain: Dlink
00:00:02.218533            no search string entries
00:00:02.288516          AssertLogRel F:\tinderbox\win-rel\src\VBox\Runtime\win\RTErrConvertFromWin32.cpp(448) int __cdecl RTErrConvertFromWin32(unsigned int): <NULL>
00:00:02.288519          Unhandled error 1058
00:00:02.388760          VD: VDInit finished with VINF_SUCCESS
00:00:02.392014          Loading settings file "C:\D\VirtualBox\VMs\QT\QT.vbox" with version "1.16-windows"
00:00:02.430927          OCI: Local config file 'C:\D\VirtualBox\Data\VirtualBox\oci_config' does not exist
00:00:02.431196          OCI: Original config file 'C:\Users\SibNout2020\.oci\config' does not exist
00:00:02.431197          OCI: Reading profiles finished with status ERROR_SUCCESS
00:00:02.431233          ExtPack: Created cloud provider 'OCI' (hrc=ERROR_SUCCESS)
00:00:02.431283          VirtualBox: object created
00:00:02.946523          AssertLogRel F:\tinderbox\win-rel\src\VBox\Runtime\win\RTErrConvertFromWin32.cpp(448) int __cdecl RTErrConvertFromWin32(unsigned int): <NULL>
00:00:02.946541          Unhandled error 1058
00:00:05.552257          Saving settings file "C:\D\VirtualBox\Data\VirtualBox\VirtualBox.xml" with version "1.12-windows"
00:00:05.563041          Saving settings file "C:\D\VirtualBox\Data\VirtualBox\VirtualBox.xml" with version "1.12-windows"
00:00:11.077282 main     VirtualBox: object deletion starts
00:00:11.077359 main     ERROR [COM]: aRC=VBOX_E_OBJECT_IN_USE (0x80bb000c) aIID={ad47ad09-787b-44ab-b343-a082a3f2dfb1} aComponent={MediumWrap} aText={Medium 'C:\D\VirtualBox\VMs\QT\QT.vdi' cannot be closed because it is still attached to 1 virtual machines}, preserve=false aResultDetail=0
00:00:11.078499 main     HostDnsMonitor: shutting down ...
00:00:11.078529 main     HostDnsMonitor: shut down
00:00:11.081054 Watcher  ERROR [COM]: aRC=E_ACCESSDENIED (0x80070005) aIID={d0a0163f-e254-4e5b-a1f2-011cf991c38d} aComponent={VirtualBoxWrap} aText={The object is not ready}, preserve=false aResultDetail=0
00:00:11.081309 main     VirtualBox: object deleted
